<?xml version="1.0" encoding="utf-8"?><testsuites name="pytest tests"><testsuite name="pytest" errors="0" failures="0" skipped="0" tests="34" time="4.564" timestamp="2026-07-09T13:58:13.119103+00:00" hostname="agent-env-b5c66a00-96c3-4097-b9ff-6a7562bd5dd9"><testcase classname="tests.backend_test.TestSettingsOptions" name="test_options_get_auth_required" time="0.462" /><testcase classname="tests.backend_test.TestVisitors" name="test_list_visitors" time="0.549" /><testcase classname="tests.backend_test.TestVisitors" name="test_get_visitor_by_id" time="0.269" /><testcase classname="tests.backend_test.TestVisitors" name="test_list_search_filter" time="0.048" /><testcase classname="tests.backend_test.TestSettingsOptions" name="test_options_get_returns_lists" time="0.454" /><testcase classname="tests.backend_test.TestVisitors" name="test_list_purpose_filter" time="0.045" /><testcase classname="tests.backend_test.TestVisitors" name="test_update_visitor" time="0.113" /><testcase classname="tests.backend_test.TestVisitors" name="test_checkout_visitor" time="0.245" /><testcase classname="tests.backend_test.TestSettingsOptions" name="test_options_get_works_for_staff" time="0.454" /><testcase classname="tests.backend_test.TestVisitors" name="test_checkout_already_checked_out" time="0.049" /><testcase classname="tests.backend_test.TestVisitors" name="test_stats_summary" time="0.050" /><testcase classname="tests.backend_test.TestSettingsOptions" name="test_options_put_forbidden_for_staff" time="0.059" /><testcase classname="tests.backend_test.TestVisitors" name="test_export_csv" time="0.050" /><testcase classname="tests.backend_test.TestVisitors" name="test_export_pdf" time="0.064" /><testcase classname="tests.backend_test.TestSettingsOptions" name="test_options_put_empty_departments_rejected" time="0.057" /><testcase classname="tests.backend_test.TestSettingsOptions" name="test_options_put_empty_floors_rejected" time="0.086" /><testcase classname="tests.backend_test.TestVisitors" name="test_visitors_requires_auth" time="0.172" /><testcase classname="tests.backend_test.TestSettingsOptions" name="test_options_put_persists_and_restores" time="0.185" /><testcase classname="tests.backend_test.TestAuth" name="test_admin_login" time="0.044" /><testcase classname="tests.backend_test.TestAuth" name="test_login_invalid" time="0.320" /><testcase classname="tests.backend_test.TestAdminUsers" name="test_list_users_admin" time="0.269" /><testcase classname="tests.backend_test.TestAdminUsers" name="test_list_users_forbidden_for_staff" time="0.051" /><testcase classname="tests.backend_test.TestAuth" name="test_self_register_creates_staff" time="1.083" /><testcase classname="tests.backend_test.TestAdminUsers" name="test_create_update_delete_user" time="0.594" /><testcase classname="tests.backend_test.TestAdminUsers" name="test_cannot_delete_self" time="0.308" /><testcase classname="tests.backend_test.TestGeofence" name="test_get_geofence" time="0.046" /><testcase classname="tests.backend_test.TestGeofence" name="test_update_geofence_admin_only" time="0.098" /><testcase classname="tests.backend_test.TestAuth" name="test_logout_clears_session" time="0.456" /><testcase classname="tests.backend_test.TestGeofence" name="test_geofence_flow_disabled_and_verify" time="0.552" /><testcase classname="tests.backend_test.TestAuth" name="test_me_requires_auth" time="0.142" /><testcase classname="tests.backend_test.TestGeofence" name="test_geofence_enable_requires_coords" time="0.086" /><testcase classname="tests.backend_test.TestPWA" name="test_service_worker_reachable" time="0.102" /><testcase classname="tests.backend_test.TestHealth" name="test_root" time="0.158" /><testcase classname="tests.backend_test.TestPWA" name="test_manifest_reachable" time="0.116" /></testsuite></testsuites>